<?xml version="1.0" encoding="UTF-8"?>
<!-- Generated by org.testng.reporters.JUnitReportReporter -->
<testsuite hostname="ANKUSH" failures="0" tests="5" name="test.Example2" time="0.005" errors="0" timestamp="2023-04-01T15:03:18 IST" skipped="0">
  <testcase classname="test.Example2" name="TestCase3" time="0.001"/>
  <system-out/>
  <testcase classname="test.Example2" name="TestCase4" time="0.001"/>
  <system-out/>
  <testcase classname="test.Example2" name="TestCase6" time="0.002"/>
  <system-out/>
  <testcase classname="test.Example2" name="MobileLogin" time="0.001"/>
  <system-out/>
  <testcase classname="test.Example2" name="TestCase5" time="0.000"/>
  <system-out/>
</testsuite> <!-- test.Example2 -->
