<?xml version="1.0" encoding="UTF-8"?>
<!-- Generated by org.testng.reporters.JUnitReportReporter -->
<testsuite hostname="Ankush" failures="0" tests="5" name="test.Example2" time="0.004" errors="0" timestamp="2023-03-26T02:10:52 IST" skipped="0">
  <testcase classname="test.Example2" name="TestCase4" time="0.001"/>
  <system-out/>
  <testcase classname="test.Example2" name="MobileLogin" time="0.001"/>
  <system-out/>
  <testcase classname="test.Example2" name="TestCase5" time="0.001"/>
  <system-out/>
  <testcase classname="test.Example2" name="TestCase3" time="0.000"/>
  <system-out/>
  <testcase classname="test.Example2" name="TestCase6" time="0.001"/>
  <system-out/>
</testsuite> <!-- test.Example2 -->
