<?xml version="1.0" encoding="UTF-8"?>
<!-- Generated by org.testng.reporters.JUnitReportReporter -->
<testsuite hostname="ANKUSH" failures="0" tests="2" name="test.Example1" time="0.007" errors="0" timestamp="2023-04-01T15:03:18 IST" skipped="0">
  <testcase classname="test.Example1" name="TestCase2" time="0.002"/>
  <system-out/>
  <testcase classname="test.Example1" name="TestCase1" time="0.005"/>
  <system-out/>
</testsuite> <!-- test.Example1 -->
