<?xml version="1.0" encoding="UTF-8"?>
<!-- Generated by org.testng.reporters.JUnitReportReporter -->
<testsuite hostname="Ankush" failures="0" tests="4" name="test.Example3" time="0.001" errors="0" timestamp="2023-03-26T02:10:52 IST" skipped="0">
  <testcase classname="test.Example3" name="FacebookLogin" time="0.000"/>
  <system-out/>
  <testcase classname="test.Example3" name="FacebookRegistration" time="0.000"/>
  <system-out/>
  <testcase classname="test.Example3" name="Facebooksignin" time="0.001"/>
  <system-out/>
  <testcase classname="test.Example3" name="FacebookLogout" time="0.000"/>
  <system-out/>
</testsuite> <!-- test.Example3 -->
