<?xml version="1.0" encoding="UTF-8"?>
<!-- Generated by org.testng.reporters.JUnitReportReporter -->
<testsuite hostname="ANKUSH" failures="0" tests="4" name="test.Example3" time="0.007" errors="0" timestamp="2023-04-01T15:03:18 IST" skipped="0">
  <testcase classname="test.Example3" name="Facebooksignin" time="0.001"/>
  <system-out/>
  <testcase classname="test.Example3" name="FacebookLogout" time="0.002"/>
  <system-out/>
  <testcase classname="test.Example3" name="FacebookRegistration" time="0.002"/>
  <system-out/>
  <testcase classname="test.Example3" name="FacebookLogin" time="0.002"/>
  <system-out/>
</testsuite> <!-- test.Example3 -->
