<?xml version="1.0" encoding="UTF-8"?>
<!-- Generated by org.testng.reporters.JUnitReportReporter -->
<testsuite hostname="Ankush" failures="0" tests="2" name="test.Example1" time="0.006" errors="0" timestamp="2023-03-26T02:10:52 IST" skipped="0">
  <testcase classname="test.Example1" name="TestCase2" time="0.001"/>
  <system-out/>
  <testcase classname="test.Example1" name="TestCase1" time="0.005"/>
  <system-out/>
</testsuite> <!-- test.Example1 -->
